<?xml version="1.0" encoding="UTF-8"?>
<!-- Generated by org.testng.reporters.JUnitXMLReporter -->
<testsuite hostname="DESKTOP-S4MOH4M" ignored="0" name="TestNg practice" tests="4" failures="4" timestamp="13 Apr 2018 01:21:41 GMT" time="74.364" errors="0">
  <testcase name="@BeforeTest InitialDriver" time="74.306" classname="salesforceTestCases.SeleniumFinal.TestNG">
    <failure type="java.lang.NullPointerException">
      <![CDATA[java.lang.NullPointerException
at salesforceTestCases.SeleniumFinal.TestNG.InitialDriver(TestNG.java:36)
... Removed 24 stack frames]]>
    </failure>
  </testcase> <!-- @BeforeTest InitialDriver -->
  <testcase name="CheckRemeberMe_TC03" time="0.0" classname="salesforceTestCases.SeleniumFinal.TestNG">
    <failure type="org.testng.TestNGException" message="
Cannot inject @Test annotated Method [CheckRemeberMe_TC03] with [class java.lang.String].
For more information on native dependency injection please refer to http://testng.org/doc/documentation-main.html#native-dependency-injection">
      <![CDATA[org.testng.TestNGException: 
Cannot inject @Test annotated Method [CheckRemeberMe_TC03] with [class java.lang.String].
For more information on native dependency injection please refer to http://testng.org/doc/documentation-main.html#native-dependency-injection
... Removed 24 stack frames]]>
    </failure>
  </testcase> <!-- CheckRemeberMe_TC03 -->
  <testcase name="ForgotPassword_TC4A" time="0.0" classname="salesforceTestCases.SeleniumFinal.TestNG">
    <failure type="org.testng.TestNGException" message="
Cannot inject @Test annotated Method [ForgotPassword_TC4A] with [class java.lang.String].
For more information on native dependency injection please refer to http://testng.org/doc/documentation-main.html#native-dependency-injection">
      <![CDATA[org.testng.TestNGException: 
Cannot inject @Test annotated Method [ForgotPassword_TC4A] with [class java.lang.String].
For more information on native dependency injection please refer to http://testng.org/doc/documentation-main.html#native-dependency-injection
... Removed 24 stack frames]]>
    </failure>
  </testcase> <!-- ForgotPassword_TC4A -->
  <testcase name="ForgotPassword_TC4B" time="0.0" classname="salesforceTestCases.SeleniumFinal.TestNG">
    <failure type="org.testng.TestNGException" message="
Cannot inject @Test annotated Method [ForgotPassword_TC4B] with [class java.lang.String].
For more information on native dependency injection please refer to http://testng.org/doc/documentation-main.html#native-dependency-injection">
      <![CDATA[org.testng.TestNGException: 
Cannot inject @Test annotated Method [ForgotPassword_TC4B] with [class java.lang.String].
For more information on native dependency injection please refer to http://testng.org/doc/documentation-main.html#native-dependency-injection
... Removed 24 stack frames]]>
    </failure>
  </testcase> <!-- ForgotPassword_TC4B -->
  <testcase name="TC05" time="0.0" classname="salesforceTestCases.SeleniumFinal.TestNG">
    <failure type="org.testng.TestNGException" message="
Cannot inject @Test annotated Method [TC05] with [class java.lang.String].
For more information on native dependency injection please refer to http://testng.org/doc/documentation-main.html#native-dependency-injection">
      <![CDATA[org.testng.TestNGException: 
Cannot inject @Test annotated Method [TC05] with [class java.lang.String].
For more information on native dependency injection please refer to http://testng.org/doc/documentation-main.html#native-dependency-injection
... Removed 24 stack frames]]>
    </failure>
  </testcase> <!-- TC05 -->
</testsuite> <!-- TestNg practice -->
